c:\users\etreh\documents\programming\otus\c++_developer_2023_06\basic\lesson_12\otus_cpp_basic_hw5\cmake_build\statistics.dir\debug\vc143.pdb
c:\users\etreh\documents\programming\otus\c++_developer_2023_06\basic\lesson_12\otus_cpp_basic_hw5\cmake_build\statistics.dir\debug\pct95.obj
c:\users\etreh\documents\programming\otus\c++_developer_2023_06\basic\lesson_12\otus_cpp_basic_hw5\cmake_build\statistics.dir\debug\pct90.obj
c:\users\etreh\documents\programming\otus\c++_developer_2023_06\basic\lesson_12\otus_cpp_basic_hw5\cmake_build\statistics.dir\debug\std_deviation.obj
c:\users\etreh\documents\programming\otus\c++_developer_2023_06\basic\lesson_12\otus_cpp_basic_hw5\cmake_build\statistics.dir\debug\mean.obj
c:\users\etreh\documents\programming\otus\c++_developer_2023_06\basic\lesson_12\otus_cpp_basic_hw5\cmake_build\statistics.dir\debug\max.obj
c:\users\etreh\documents\programming\otus\c++_developer_2023_06\basic\lesson_12\otus_cpp_basic_hw5\cmake_build\statistics.dir\debug\min.obj
c:\users\etreh\documents\programming\otus\c++_developer_2023_06\basic\lesson_12\otus_cpp_basic_hw5\cmake_build\statistics.dir\debug\statistics.obj
c:\users\etreh\documents\programming\otus\c++_developer_2023_06\basic\lesson_12\otus_cpp_basic_hw5\cmake_build\cmakefiles\generate.stamp
c:\users\etreh\documents\programming\otus\c++_developer_2023_06\basic\lesson_12\otus_cpp_basic_hw5\cmake_build\statistics.dir\debug\statistics.ilk
c:\users\etreh\documents\programming\otus\c++_developer_2023_06\basic\lesson_12\otus_cpp_basic_hw5\cmake_build\debug\statistics.exe
c:\users\etreh\documents\programming\otus\c++_developer_2023_06\basic\lesson_12\otus_cpp_basic_hw5\cmake_build\debug\statistics.pdb
c:\users\etreh\documents\programming\otus\c++_developer_2023_06\basic\lesson_12\otus_cpp_basic_hw5\cmake_build\statistics.dir\debug\statistics.tlog\cl.command.1.tlog
c:\users\etreh\documents\programming\otus\c++_developer_2023_06\basic\lesson_12\otus_cpp_basic_hw5\cmake_build\statistics.dir\debug\statistics.tlog\cl.items.tlog
c:\users\etreh\documents\programming\otus\c++_developer_2023_06\basic\lesson_12\otus_cpp_basic_hw5\cmake_build\statistics.dir\debug\statistics.tlog\cl.read.1.tlog
c:\users\etreh\documents\programming\otus\c++_developer_2023_06\basic\lesson_12\otus_cpp_basic_hw5\cmake_build\statistics.dir\debug\statistics.tlog\cl.write.1.tlog
c:\users\etreh\documents\programming\otus\c++_developer_2023_06\basic\lesson_12\otus_cpp_basic_hw5\cmake_build\statistics.dir\debug\statistics.tlog\custombuild.command.1.tlog
c:\users\etreh\documents\programming\otus\c++_developer_2023_06\basic\lesson_12\otus_cpp_basic_hw5\cmake_build\statistics.dir\debug\statistics.tlog\custombuild.read.1.tlog
c:\users\etreh\documents\programming\otus\c++_developer_2023_06\basic\lesson_12\otus_cpp_basic_hw5\cmake_build\statistics.dir\debug\statistics.tlog\custombuild.write.1.tlog
c:\users\etreh\documents\programming\otus\c++_developer_2023_06\basic\lesson_12\otus_cpp_basic_hw5\cmake_build\statistics.dir\debug\statistics.tlog\link.command.1.tlog
c:\users\etreh\documents\programming\otus\c++_developer_2023_06\basic\lesson_12\otus_cpp_basic_hw5\cmake_build\statistics.dir\debug\statistics.tlog\link.read.1.tlog
c:\users\etreh\documents\programming\otus\c++_developer_2023_06\basic\lesson_12\otus_cpp_basic_hw5\cmake_build\statistics.dir\debug\statistics.tlog\link.write.1.tlog
